<?xml version="1.0" encoding="UTF-8"?>
<!-- Generated by org.testng.reporters.JUnitReportReporter -->
<testsuite hostname="Santoshs-MacBook-Pro.local" name="mavenPracticeTest" tests="4" failures="0" timestamp="22 Mar 2018 15:41:09 GMT" time="0.005" errors="0">
  <testcase name="add" time="0.005" classname="mavenPracticeTest"/>
  <testcase name="mul" time="0.000" classname="mavenPracticeTest"/>
  <testcase name="sub" time="0.000" classname="mavenPracticeTest"/>
  <testcase name="division" time="0.000" classname="mavenPracticeTest"/>
</testsuite> <!-- mavenPracticeTest -->
